<?xml version="1.0" encoding="UTF-8"?>
<!-- Generated by org.testng.reporters.JUnitXMLReporter -->
<testsuite hostname="Owner-PC" ignored="0" name="Default test" tests="3" failures="0" timestamp="09 Mar 2018 05:37:46 GMT" time="48.459" errors="0">
  <testcase name="loginPageTitleTest" time="0.101" classname="com.crm.qa.testcases.LoginPageTest"/>
  <testcase name="crmLogoImageTest" time="0.178" classname="com.crm.qa.testcases.LoginPageTest"/>
  <testcase name="loginTest" time="8.111" classname="com.crm.qa.testcases.LoginPageTest"/>
</testsuite> <!-- Default test -->
