<?xml version="1.0" encoding="UTF-8"?>
<!-- Generated by org.testng.reporters.JUnitXMLReporter -->
<testsuite hostname="Owner-PC" ignored="0" name="Default test" tests="2" failures="0" timestamp="27 Mar 2018 04:42:51 GMT" time="59.368" errors="0">
  <testcase name="verifyContactsPageLabel" time="0.865" classname="com.crm.qa.testcases.ContactspageTest"/>
  <testcase name="selectSingleContactsTest" time="1.139" classname="com.crm.qa.testcases.ContactspageTest"/>
</testsuite> <!-- Default test -->
